# JRE version: OpenJDK Runtime Environment (11.0.15) (build 11.0.15+0-b2043.56-9505619)
# Java VM: OpenJDK 64-Bit Server VM (11.0.15+0-b2043.56-9505619, mixed mode, tiered, compressed oops, g1 gc, windows-amd64)
Heap:
 garbage-first heap   total 324608K, used 239780K [0x0000000080000000, 0x0000000100000000)
  region size 1024K, 6 young (6144K), 2 survivors (2048K)
 Metaspace       used 154956K, capacity 160128K, committed 162940K, reserved 1189888K
  class space    used 19756K, capacity 21636K, committed 23040K, reserved 1048576K
GC Heap History (20 events):
Event: 1553.450 GC heap before
{Heap before GC invocations=95 (full 0):
 garbage-first heap   total 324608K, used 265793K [0x0000000080000000, 0x0000000100000000)
  region size 1024K, 37 young (37888K), 2 survivors (2048K)
 Metaspace       used 154162K, capacity 159416K, committed 162172K, reserved 1187840K
  class space    used 19770K, capacity 21667K, committed 23040K, reserved 1048576K
}
Event: 1553.458 GC heap after
{Heap after GC invocations=96 (full 0):
 garbage-first heap   total 324608K, used 232137K [0x0000000080000000, 0x0000000100000000)
  region size 1024K, 3 young (3072K), 3 survivors (3072K)
 Metaspace       used 154162K, capacity 159416K, committed 162172K, reserved 1187840K
  class space    used 19770K, capacity 21667K, committed 23040K, reserved 1048576K
}
Event: 1553.660 GC heap before
{Heap before GC invocations=96 (full 0):
 garbage-first heap   total 324608K, used 273097K [0x0000000080000000, 0x0000000100000000)
  region size 1024K, 40 young (40960K), 3 survivors (3072K)
 Metaspace       used 154206K, capacity 159437K, committed 162172K, reserved 1187840K
  class space    used 19772K, capacity 21671K, committed 23040K, reserved 1048576K
}
Event: 1553.670 GC heap after
{Heap after GC invocations=97 (full 0):
 garbage-first heap   total 324608K, used 242536K [0x0000000080000000, 0x0000000100000000)
  region size 1024K, 5 young (5120K), 5 survivors (5120K)
 Metaspace       used 154206K, capacity 159437K, committed 162172K, reserved 1187840K
  class space    used 19772K, capacity 21671K, committed 23040K, reserved 1048576K
}
Event: 1553.752 GC heap before
{Heap before GC invocations=97 (full 0):
 garbage-first heap   total 324608K, used 273256K [0x0000000080000000, 0x0000000100000000)
  region size 1024K, 36 young (36864K), 5 survivors (5120K)
 Metaspace       used 154207K, capacity 159437K, committed 162172K, reserved 1187840K
  class space    used 19772K, capacity 21671K, committed 23040K, reserved 1048576K
}
Event: 1553.763 GC heap after
{Heap after GC invocations=98 (full 0):
 garbage-first heap   total 324608K, used 250778K [0x0000000080000000, 0x0000000100000000)
  region size 1024K, 5 young (5120K), 5 survivors (5120K)
 Metaspace       used 154207K, capacity 159437K, committed 162172K, reserved 1187840K
  class space    used 19772K, capacity 21671K, committed 23040K, reserved 1048576K
}
Event: 1553.843 GC heap before
{Heap before GC invocations=99 (full 0):
 garbage-first heap   total 324608K, used 275354K [0x0000000080000000, 0x0000000100000000)
  region size 1024K, 30 young (30720K), 5 survivors (5120K)
 Metaspace       used 154234K, capacity 159437K, committed 162172K, reserved 1187840K
  class space    used 19772K, capacity 21671K, committed 23040K, reserved 1048576K
}
Event: 1553.850 GC heap after
{Heap after GC invocations=100 (full 0):
 garbage-first heap   total 324608K, used 253934K [0x0000000080000000, 0x0000000100000000)
  region size 1024K, 3 young (3072K), 3 survivors (3072K)
 Metaspace       used 154234K, capacity 159437K, committed 162172K, reserved 1187840K
  class space    used 19772K, capacity 21671K, committed 23040K, reserved 1048576K
}
Event: 1553.914 GC heap before
{Heap before GC invocations=100 (full 0):
 garbage-first heap   total 324608K, used 265198K [0x0000000080000000, 0x0000000100000000)
  region size 1024K, 15 young (15360K), 3 survivors (3072K)
 Metaspace       used 154403K, capacity 159634K, committed 162428K, reserved 1189888K
  class space    used 19772K, capacity 21671K, committed 23040K, reserved 1048576K
}
Event: 1553.919 GC heap after
{Heap after GC invocations=101 (full 0):
 garbage-first heap   total 324608K, used 254388K [0x0000000080000000, 0x0000000100000000)
  region size 1024K, 2 young (2048K), 2 survivors (2048K)
 Metaspace       used 154403K, capacity 159634K, committed 162428K, reserved 1189888K
  class space    used 19772K, capacity 21671K, committed 23040K, reserved 1048576K
}
Event: 1554.018 GC heap before
{Heap before GC invocations=101 (full 0):
 garbage-first heap   total 324608K, used 264628K [0x0000000080000000, 0x0000000100000000)
  region size 1024K, 14 young (14336K), 2 survivors (2048K)
 Metaspace       used 154598K, capacity 159834K, committed 162684K, reserved 1189888K
  class space    used 19773K, capacity 21671K, committed 23040K, reserved 1048576K
}
Event: 1554.021 GC heap after
{Heap after GC invocations=102 (full 0):
 garbage-first heap   total 324608K, used 254543K [0x0000000080000000, 0x0000000100000000)
  region size 1024K, 2 young (2048K), 2 survivors (2048K)
 Metaspace       used 154598K, capacity 159834K, committed 162684K, reserved 1189888K
  class space    used 19773K, capacity 21671K, committed 23040K, reserved 1048576K
}
Event: 1612.459 GC heap before
{Heap before GC invocations=103 (full 0):
 garbage-first heap   total 324608K, used 280143K [0x0000000080000000, 0x0000000100000000)
  region size 1024K, 27 young (27648K), 2 survivors (2048K)
 Metaspace       used 154741K, capacity 159982K, committed 162684K, reserved 1189888K
  class space    used 19777K, capacity 21676K, committed 23040K, reserved 1048576K
}
Event: 1612.461 GC heap after
{Heap after GC invocations=104 (full 0):
 garbage-first heap   total 324608K, used 251314K [0x0000000080000000, 0x0000000100000000)
  region size 1024K, 1 young (1024K), 1 survivors (1024K)
 Metaspace       used 154741K, capacity 159982K, committed 162684K, reserved 1189888K
  class space    used 19777K, capacity 21676K, committed 23040K, reserved 1048576K
}
Event: 1818.566 GC heap before
{Heap before GC invocations=104 (full 0):
 garbage-first heap   total 324608K, used 265650K [0x0000000080000000, 0x0000000100000000)
  region size 1024K, 15 young (15360K), 1 survivors (1024K)
 Metaspace       used 154788K, capacity 160021K, committed 162684K, reserved 1189888K
  class space    used 19782K, capacity 21684K, committed 23040K, reserved 1048576K
}
Event: 1818.579 GC heap after
{Heap after GC invocations=105 (full 0):
 garbage-first heap   total 324608K, used 243919K [0x0000000080000000, 0x0000000100000000)
  region size 1024K, 2 young (2048K), 2 survivors (2048K)
 Metaspace       used 154788K, capacity 160021K, committed 162684K, reserved 1189888K
  class space    used 19782K, capacity 21684K, committed 23040K, reserved 1048576K
}
Event: 1818.862 GC heap before
{Heap before GC invocations=105 (full 0):
 garbage-first heap   total 324608K, used 275663K [0x0000000080000000, 0x0000000100000000)
  region size 1024K, 33 young (33792K), 2 survivors (2048K)
 Metaspace       used 154982K, capacity 160221K, committed 162940K, reserved 1189888K
  class space    used 19789K, capacity 21696K, committed 23040K, reserved 1048576K
}
Event: 1818.876 GC heap after
{Heap after GC invocations=106 (full 0):
 garbage-first heap   total 324608K, used 248966K [0x0000000080000000, 0x0000000100000000)
  region size 1024K, 5 young (5120K), 5 survivors (5120K)
 Metaspace       used 154982K, capacity 160221K, committed 162940K, reserved 1189888K
  class space    used 19789K, capacity 21696K, committed 23040K, reserved 1048576K
}
Event: 1819.294 GC heap before
{Heap before GC invocations=107 (full 0):
 garbage-first heap   total 324608K, used 275590K [0x0000000080000000, 0x0000000100000000)
  region size 1024K, 33 young (33792K), 5 survivors (5120K)
 Metaspace       used 154864K, capacity 160060K, committed 162940K, reserved 1189888K
  class space    used 19745K, capacity 21615K, committed 23040K, reserved 1048576K
}
Event: 1819.306 GC heap after
{Heap after GC invocations=108 (full 0):
 garbage-first heap   total 324608K, used 250666K [0x0000000080000000, 0x0000000100000000)
  region size 1024K, 3 young (3072K), 3 survivors (3072K)
 Metaspace       used 154864K, capacity 160060K, committed 162940K, reserved 1189888K
  class space    used 19745K, capacity 21615K, committed 23040K, reserved 1048576K
}

